2024-07-15 14:44:23 - Starting AuthenticationServiceApplication using Java 18.0.2.1 with PID 2816 (C:\Users\v.chumak\Desktop\Employee_prog\Authentication_Service\target\classes started by v.chumak in C:\Users\v.chumak\Desktop\Employee_prog\Authentication_Service)
2024-07-15 14:44:23 - The following 1 profile is active: "no_security"
2024-07-15 14:44:23 - Devtools property defaults active! Set 'spring.devtools.add-properties' to 'false' to disable
2024-07-15 14:44:23 - For additional web related logging consider setting the 'logging.level.web' property to 'DEBUG'
2024-07-15 14:44:25 - Bootstrapping Spring Data JPA repositories in DEFAULT mode.
2024-07-15 14:44:25 - Finished Spring Data repository scanning in 21 ms. Found 0 JPA repository interfaces.
2024-07-15 14:44:26 - Tomcat initialized with port 8081 (http)
2024-07-15 14:44:26 - Initializing ProtocolHandler ["http-nio-8081"]
2024-07-15 14:44:26 - Starting service [Tomcat]
2024-07-15 14:44:26 - Starting Servlet engine: [Apache Tomcat/10.1.25]
2024-07-15 14:44:26 - Initializing Spring embedded WebApplicationContext
2024-07-15 14:44:26 - Root WebApplicationContext: initialization completed in 3001 ms
2024-07-15 14:44:26 - HHH000204: Processing PersistenceUnitInfo [name: default]
2024-07-15 14:44:26 - HHH000412: Hibernate ORM core version 6.5.2.Final
2024-07-15 14:44:26 - HHH000026: Second-level cache disabled
2024-07-15 14:44:27 - No LoadTimeWeaver setup: ignoring JPA class transformer
2024-07-15 14:44:27 - HikariPool-1 - Starting...
2024-07-15 14:44:27 - HikariPool-1 - Added connection org.postgresql.jdbc.PgConnection@67af4ec2
2024-07-15 14:44:27 - HikariPool-1 - Start completed.
2024-07-15 14:44:28 - HHH000489: No JTA platform available (set 'hibernate.transaction.jta.platform' to enable JTA platform integration)
2024-07-15 14:44:28 - Initialized JPA EntityManagerFactory for persistence unit 'default'
2024-07-15 14:44:28 - spring.jpa.open-in-view is enabled by default. Therefore, database queries may be performed during view rendering. Explicitly configure spring.jpa.open-in-view to disable this warning
2024-07-15 14:44:28 - 

Using generated security password: 64ff98f3-d4e8-4f78-9f17-02cf008e77f4

This generated password is for development use only. Your security configuration must be updated before running your application in production.

2024-07-15 14:44:28 - Global AuthenticationManager configured with UserDetailsService bean with name inMemoryUserDetailsManager
2024-07-15 14:44:29 - LiveReload server is running on port 35729
2024-07-15 14:44:29 - Starting ProtocolHandler ["http-nio-8081"]
2024-07-15 14:44:29 - Tomcat started on port 8081 (http) with context path '/'
2024-07-15 14:44:29 - Started AuthenticationServiceApplication in 7.356 seconds (process running for 9.957)
2024-07-15 14:44:36 - Closing JPA EntityManagerFactory for persistence unit 'default'
2024-07-15 14:44:36 - HikariPool-1 - Shutdown initiated...
2024-07-15 14:44:36 - HikariPool-1 - Shutdown completed.
2024-07-15 16:41:57 - Starting AuthenticationServiceApplication using Java 18.0.2.1 with PID 6428 (C:\Users\v.chumak\Desktop\Employee_prog\Authentication_Service\target\classes started by v.chumak in C:\Users\v.chumak\Desktop\Employee_prog\Authentication_Service)
2024-07-15 16:41:57 - The following 1 profile is active: "no_security"
2024-07-15 16:41:58 - Devtools property defaults active! Set 'spring.devtools.add-properties' to 'false' to disable
2024-07-15 16:41:58 - For additional web related logging consider setting the 'logging.level.web' property to 'DEBUG'
2024-07-15 16:42:03 - Bootstrapping Spring Data JPA repositories in DEFAULT mode.
2024-07-15 16:42:03 - Finished Spring Data repository scanning in 27 ms. Found 0 JPA repository interfaces.
2024-07-15 16:42:04 - Tomcat initialized with port 8081 (http)
2024-07-15 16:42:04 - Initializing ProtocolHandler ["http-nio-8081"]
2024-07-15 16:42:04 - Starting service [Tomcat]
2024-07-15 16:42:04 - Starting Servlet engine: [Apache Tomcat/10.1.25]
2024-07-15 16:42:05 - Initializing Spring embedded WebApplicationContext
2024-07-15 16:42:05 - Root WebApplicationContext: initialization completed in 7020 ms
2024-07-15 16:42:06 - HHH000204: Processing PersistenceUnitInfo [name: default]
2024-07-15 16:42:06 - HHH000412: Hibernate ORM core version 6.5.2.Final
2024-07-15 16:42:06 - HHH000026: Second-level cache disabled
2024-07-15 16:42:07 - No LoadTimeWeaver setup: ignoring JPA class transformer
2024-07-15 16:42:07 - HikariPool-1 - Starting...
2024-07-15 16:42:07 - HikariPool-1 - Added connection org.postgresql.jdbc.PgConnection@61d9c011
2024-07-15 16:42:07 - HikariPool-1 - Start completed.
2024-07-15 16:42:08 - HHH000489: No JTA platform available (set 'hibernate.transaction.jta.platform' to enable JTA platform integration)
2024-07-15 16:42:08 - Initialized JPA EntityManagerFactory for persistence unit 'default'
2024-07-15 16:42:09 - spring.jpa.open-in-view is enabled by default. Therefore, database queries may be performed during view rendering. Explicitly configure spring.jpa.open-in-view to disable this warning
2024-07-15 16:42:09 - 

Using generated security password: 98b14b59-5595-424e-86fb-3c7a6bc8c4a4

This generated password is for development use only. Your security configuration must be updated before running your application in production.

2024-07-15 16:42:09 - Global AuthenticationManager configured with UserDetailsService bean with name inMemoryUserDetailsManager
2024-07-15 16:42:10 - LiveReload server is running on port 35729
2024-07-15 16:42:10 - Starting ProtocolHandler ["http-nio-8081"]
2024-07-15 16:42:10 - Tomcat started on port 8081 (http) with context path '/'
2024-07-15 16:42:10 - Started AuthenticationServiceApplication in 14.525 seconds (process running for 16.015)
2024-07-15 16:45:17 - Closing JPA EntityManagerFactory for persistence unit 'default'
2024-07-15 16:45:17 - HikariPool-1 - Shutdown initiated...
2024-07-15 16:45:17 - HikariPool-1 - Shutdown completed.
2024-07-15 16:45:28 - Starting AuthenticationServiceApplication using Java 18.0.2.1 with PID 13016 (C:\Users\v.chumak\Desktop\Employee_prog\Authentication_Service\target\classes started by v.chumak in C:\Users\v.chumak\Desktop\Employee_prog\Authentication_Service)
2024-07-15 16:45:28 - The following 1 profile is active: "no_security"
2024-07-15 16:45:28 - Devtools property defaults active! Set 'spring.devtools.add-properties' to 'false' to disable
2024-07-15 16:45:28 - For additional web related logging consider setting the 'logging.level.web' property to 'DEBUG'
2024-07-15 16:45:34 - Bootstrapping Spring Data JPA repositories in DEFAULT mode.
2024-07-15 16:45:34 - Finished Spring Data repository scanning in 52 ms. Found 0 JPA repository interfaces.
2024-07-15 16:45:36 - Tomcat initialized with port 8081 (http)
2024-07-15 16:45:36 - Initializing ProtocolHandler ["http-nio-8081"]
2024-07-15 16:45:36 - Starting service [Tomcat]
2024-07-15 16:45:36 - Starting Servlet engine: [Apache Tomcat/10.1.25]
2024-07-15 16:45:36 - Initializing Spring embedded WebApplicationContext
2024-07-15 16:45:36 - Root WebApplicationContext: initialization completed in 7882 ms
2024-07-15 16:45:36 - HHH000204: Processing PersistenceUnitInfo [name: default]
2024-07-15 16:45:36 - HHH000412: Hibernate ORM core version 6.5.2.Final
2024-07-15 16:45:36 - HHH000026: Second-level cache disabled
2024-07-15 16:45:37 - No LoadTimeWeaver setup: ignoring JPA class transformer
2024-07-15 16:45:37 - HikariPool-1 - Starting...
2024-07-15 16:45:38 - HikariPool-1 - Added connection org.postgresql.jdbc.PgConnection@62d9a319
2024-07-15 16:45:38 - HikariPool-1 - Start completed.
2024-07-15 16:45:39 - HHH000489: No JTA platform available (set 'hibernate.transaction.jta.platform' to enable JTA platform integration)
2024-07-15 16:45:39 - Initialized JPA EntityManagerFactory for persistence unit 'default'
2024-07-15 16:45:39 - spring.jpa.open-in-view is enabled by default. Therefore, database queries may be performed during view rendering. Explicitly configure spring.jpa.open-in-view to disable this warning
2024-07-15 16:45:39 - 

Using generated security password: c97920e7-76b5-42f7-80ed-a1d532877864

This generated password is for development use only. Your security configuration must be updated before running your application in production.

2024-07-15 16:45:39 - Global AuthenticationManager configured with UserDetailsService bean with name inMemoryUserDetailsManager
2024-07-15 16:45:41 - LiveReload server is running on port 35729
2024-07-15 16:45:41 - Starting ProtocolHandler ["http-nio-8081"]
2024-07-15 16:45:41 - Tomcat started on port 8081 (http) with context path '/'
2024-07-15 16:45:41 - Started AuthenticationServiceApplication in 15.299 seconds (process running for 17.055)
2024-07-15 16:46:26 - Initializing Spring DispatcherServlet 'dispatcherServlet'
2024-07-15 16:46:26 - Initializing Servlet 'dispatcherServlet'
2024-07-15 16:46:26 - Completed initialization in 1 ms
2024-07-15 16:46:33 - Notification sent successfully. Response: Email notification sent successfully
2024-07-15 16:47:03 - Notification sent successfully. Response: Email notification sent successfully
2024-07-15 17:12:00 - Notification sent successfully. Response: Email notification sent successfully
2024-07-15 17:12:36 - Internal server error while creating user: 
2024-07-15 17:12:36 - Servlet.service() for servlet [dispatcherServlet] in context with path [] threw exception [Request processing failed: java.lang.RuntimeException: Internal server error while creating user] with root cause
java.lang.RuntimeException: Internal server error while creating user
	at com.authentication_service.service.UserServiceClient.createUser(UserServiceClient.java:44)
	at com.authentication_service.service.AuthenticationService.registerUser(AuthenticationService.java:114)
	at com.authentication_service.controller.AuthenticationController.registerUser(AuthenticationController.java:20)
	at java.base/jdk.internal.reflect.DirectMethodHandleAccessor.invoke(DirectMethodHandleAccessor.java:104)
	at java.base/java.lang.reflect.Method.invoke(Method.java:577)
	at org.springframework.web.method.support.InvocableHandlerMethod.doInvoke(InvocableHandlerMethod.java:255)
	at org.springframework.web.method.support.InvocableHandlerMethod.invokeForRequest(InvocableHandlerMethod.java:188)
	at org.springframework.web.servlet.mvc.method.annotation.ServletInvocableHandlerMethod.invokeAndHandle(ServletInvocableHandlerMethod.java:118)
	at org.springframework.web.servlet.mvc.method.annotation.RequestMappingHandlerAdapter.invokeHandlerMethod(RequestMappingHandlerAdapter.java:926)
	at org.springframework.web.servlet.mvc.method.annotation.RequestMappingHandlerAdapter.handleInternal(RequestMappingHandlerAdapter.java:831)
	at org.springframework.web.servlet.mvc.method.AbstractHandlerMethodAdapter.handle(AbstractHandlerMethodAdapter.java:87)
	at org.springframework.web.servlet.DispatcherServlet.doDispatch(DispatcherServlet.java:1089)
	at org.springframework.web.servlet.DispatcherServlet.doService(DispatcherServlet.java:979)
	at org.springframework.web.servlet.FrameworkServlet.processRequest(FrameworkServlet.java:1014)
	at org.springframework.web.servlet.FrameworkServlet.doPost(FrameworkServlet.java:914)
	at jakarta.servlet.http.HttpServlet.service(HttpServlet.java:590)
	at org.springframework.web.servlet.FrameworkServlet.service(FrameworkServlet.java:885)
	at jakarta.servlet.http.HttpServlet.service(HttpServlet.java:658)
	at org.apache.catalina.core.ApplicationFilterChain.internalDoFilter(ApplicationFilterChain.java:195)
	at org.apache.catalina.core.ApplicationFilterChain.doFilter(ApplicationFilterChain.java:140)
	at org.apache.tomcat.websocket.server.WsFilter.doFilter(WsFilter.java:51)
	at org.apache.catalina.core.ApplicationFilterChain.internalDoFilter(ApplicationFilterChain.java:164)
	at org.apache.catalina.core.ApplicationFilterChain.doFilter(ApplicationFilterChain.java:140)
	at org.springframework.web.filter.CompositeFilter$VirtualFilterChain.doFilter(CompositeFilter.java:108)
	at org.springframework.security.web.FilterChainProxy.lambda$doFilterInternal$3(FilterChainProxy.java:231)
	at org.springframework.security.web.FilterChainProxy$VirtualFilterChain.doFilter(FilterChainProxy.java:365)
	at org.springframework.security.web.access.intercept.AuthorizationFilter.doFilter(AuthorizationFilter.java:100)
	at org.springframework.security.web.FilterChainProxy$VirtualFilterChain.doFilter(FilterChainProxy.java:374)
	at org.springframework.security.web.access.ExceptionTranslationFilter.doFilter(ExceptionTranslationFilter.java:126)
	at org.springframework.security.web.access.ExceptionTranslationFilter.doFilter(ExceptionTranslationFilter.java:120)
	at org.springframework.security.web.FilterChainProxy$VirtualFilterChain.doFilter(FilterChainProxy.java:374)
	at org.springframework.security.web.authentication.AnonymousAuthenticationFilter.doFilter(AnonymousAuthenticationFilter.java:100)
	at org.springframework.security.web.FilterChainProxy$VirtualFilterChain.doFilter(FilterChainProxy.java:374)
	at org.springframework.security.web.servletapi.SecurityContextHolderAwareRequestFilter.doFilter(SecurityContextHolderAwareRequestFilter.java:179)
	at org.springframework.security.web.FilterChainProxy$VirtualFilterChain.doFilter(FilterChainProxy.java:374)
	at org.springframework.security.web.savedrequest.RequestCacheAwareFilter.doFilter(RequestCacheAwareFilter.java:63)
	at org.springframework.security.web.FilterChainProxy$VirtualFilterChain.doFilter(FilterChainProxy.java:374)
	at org.springframework.security.web.authentication.logout.LogoutFilter.doFilter(LogoutFilter.java:107)
	at org.springframework.security.web.authentication.logout.LogoutFilter.doFilter(LogoutFilter.java:93)
	at org.springframework.security.web.FilterChainProxy$VirtualFilterChain.doFilter(FilterChainProxy.java:374)
	at org.springframework.web.filter.CorsFilter.doFilterInternal(CorsFilter.java:91)
	at org.springframework.web.filter.OncePerRequestFilter.doFilter(OncePerRequestFilter.java:116)
	at org.springframework.security.web.FilterChainProxy$VirtualFilterChain.doFilter(FilterChainProxy.java:374)
	at org.springframework.security.web.header.HeaderWriterFilter.doHeadersAfter(HeaderWriterFilter.java:90)
	at org.springframework.security.web.header.HeaderWriterFilter.doFilterInternal(HeaderWriterFilter.java:75)
	at org.springframework.web.filter.OncePerRequestFilter.doFilter(OncePerRequestFilter.java:116)
	at org.springframework.security.web.FilterChainProxy$VirtualFilterChain.doFilter(FilterChainProxy.java:374)
	at org.springframework.security.web.context.SecurityContextHolderFilter.doFilter(SecurityContextHolderFilter.java:82)
	at org.springframework.security.web.context.SecurityContextHolderFilter.doFilter(SecurityContextHolderFilter.java:69)
	at org.springframework.security.web.FilterChainProxy$VirtualFilterChain.doFilter(FilterChainProxy.java:374)
	at org.springframework.security.web.context.request.async.WebAsyncManagerIntegrationFilter.doFilterInternal(WebAsyncManagerIntegrationFilter.java:62)
	at org.springframework.web.filter.OncePerRequestFilter.doFilter(OncePerRequestFilter.java:116)
	at org.springframework.security.web.FilterChainProxy$VirtualFilterChain.doFilter(FilterChainProxy.java:374)
	at org.springframework.security.web.session.DisableEncodeUrlFilter.doFilterInternal(DisableEncodeUrlFilter.java:42)
	at org.springframework.web.filter.OncePerRequestFilter.doFilter(OncePerRequestFilter.java:116)
	at org.springframework.security.web.FilterChainProxy$VirtualFilterChain.doFilter(FilterChainProxy.java:374)
	at org.springframework.security.web.FilterChainProxy.doFilterInternal(FilterChainProxy.java:233)
	at org.springframework.security.web.FilterChainProxy.doFilter(FilterChainProxy.java:191)
	at org.springframework.web.filter.CompositeFilter$VirtualFilterChain.doFilter(CompositeFilter.java:113)
	at org.springframework.web.servlet.handler.HandlerMappingIntrospector.lambda$createCacheFilter$3(HandlerMappingIntrospector.java:195)
	at org.springframework.web.filter.CompositeFilter$VirtualFilterChain.doFilter(CompositeFilter.java:113)
	at org.springframework.web.filter.CompositeFilter.doFilter(CompositeFilter.java:74)
	at org.springframework.security.config.annotation.web.configuration.WebMvcSecurityConfiguration$CompositeFilterChainProxy.doFilter(WebMvcSecurityConfiguration.java:230)
	at org.springframework.web.filter.DelegatingFilterProxy.invokeDelegate(DelegatingFilterProxy.java:352)
	at org.springframework.web.filter.DelegatingFilterProxy.doFilter(DelegatingFilterProxy.java:268)
	at org.apache.catalina.core.ApplicationFilterChain.internalDoFilter(ApplicationFilterChain.java:164)
	at org.apache.catalina.core.ApplicationFilterChain.doFilter(ApplicationFilterChain.java:140)
	at org.springframework.web.filter.RequestContextFilter.doFilterInternal(RequestContextFilter.java:100)
	at org.springframework.web.filter.OncePerRequestFilter.doFilter(OncePerRequestFilter.java:116)
	at org.apache.catalina.core.ApplicationFilterChain.internalDoFilter(ApplicationFilterChain.java:164)
	at org.apache.catalina.core.ApplicationFilterChain.doFilter(ApplicationFilterChain.java:140)
	at org.springframework.web.filter.FormContentFilter.doFilterInternal(FormContentFilter.java:93)
	at org.springframework.web.filter.OncePerRequestFilter.doFilter(OncePerRequestFilter.java:116)
	at org.apache.catalina.core.ApplicationFilterChain.internalDoFilter(ApplicationFilterChain.java:164)
	at org.apache.catalina.core.ApplicationFilterChain.doFilter(ApplicationFilterChain.java:140)
	at org.springframework.web.filter.CharacterEncodingFilter.doFilterInternal(CharacterEncodingFilter.java:201)
	at org.springframework.web.filter.OncePerRequestFilter.doFilter(OncePerRequestFilter.java:116)
	at org.apache.catalina.core.ApplicationFilterChain.internalDoFilter(ApplicationFilterChain.java:164)
	at org.apache.catalina.core.ApplicationFilterChain.doFilter(ApplicationFilterChain.java:140)
	at org.apache.catalina.core.StandardWrapperValve.invoke(StandardWrapperValve.java:167)
	at org.apache.catalina.core.StandardContextValve.invoke(StandardContextValve.java:90)
	at org.apache.catalina.authenticator.AuthenticatorBase.invoke(AuthenticatorBase.java:482)
	at org.apache.catalina.core.StandardHostValve.invoke(StandardHostValve.java:115)
	at org.apache.catalina.valves.ErrorReportValve.invoke(ErrorReportValve.java:93)
	at org.apache.catalina.core.StandardEngineValve.invoke(StandardEngineValve.java:74)
	at org.apache.catalina.connector.CoyoteAdapter.service(CoyoteAdapter.java:344)
	at org.apache.coyote.http11.Http11Processor.service(Http11Processor.java:389)
	at org.apache.coyote.AbstractProcessorLight.process(AbstractProcessorLight.java:63)
	at org.apache.coyote.AbstractProtocol$ConnectionHandler.process(AbstractProtocol.java:904)
	at org.apache.tomcat.util.net.NioEndpoint$SocketProcessor.doRun(NioEndpoint.java:1741)
	at org.apache.tomcat.util.net.SocketProcessorBase.run(SocketProcessorBase.java:52)
	at org.apache.tomcat.util.threads.ThreadPoolExecutor.runWorker(ThreadPoolExecutor.java:1190)
	at org.apache.tomcat.util.threads.ThreadPoolExecutor$Worker.run(ThreadPoolExecutor.java:659)
	at org.apache.tomcat.util.threads.TaskThread$WrappingRunnable.run(TaskThread.java:63)
	at java.base/java.lang.Thread.run(Thread.java:833)
2024-07-15 17:12:54 - Notification sent successfully. Response: Email notification sent successfully
2024-07-15 17:25:46 - Closing JPA EntityManagerFactory for persistence unit 'default'
2024-07-15 17:25:46 - HikariPool-1 - Shutdown initiated...
2024-07-15 17:25:46 - HikariPool-1 - Shutdown completed.
